This is XeTeX, Version 3.141592653-2.6-0.999995 (TeX Live 2023) (preloaded format=xelatex 2023.11.15)  14 JUN 2024 19:31
entering extended mode
 restricted \write18 enabled.
 %&-line parsing enabled.
**differential_and_integral.tex
(./differential_and_integral.tex
LaTeX2e <2022-11-01> patch level 1
L3 programming layer <2023-02-22>
(/usr/local/texlive/2023/texmf-dist/tex/latex/ctex/ctexbook.cls
(/usr/local/texlive/2023/texmf-dist/tex/latex/ctex/config/ctexbackend.cfg
File: ctexbackend.cfg 2022/07/14 v2.5.10 Backend configuration file (CTEX)
)
(/usr/local/texlive/2023/texmf-dist/tex/latex/l3kernel/expl3.sty
Package: expl3 2023-02-22 L3 programming layer (loader) 

(/usr/local/texlive/2023/texmf-dist/tex/latex/l3backend/l3backend-xetex.def
File: l3backend-xetex.def 2023-01-16 L3 backend support: XeTeX
\g__graphics_track_int=\count181
\l__pdf_internal_box=\box51
\g__pdf_backend_object_int=\count182
\g__pdf_backend_annotation_int=\count183
\g__pdf_backend_link_int=\count184
))
Document Class: ctexbook 2022/07/14 v2.5.10 Chinese adapter for class book (CTE
X)
(/usr/local/texlive/2023/texmf-dist/tex/latex/ctex/ctexhook.sty
Package: ctexhook 2022/07/14 v2.5.10 Document and package hooks (CTEX)
)
(/usr/local/texlive/2023/texmf-dist/tex/latex/ctex/ctexpatch.sty
Package: ctexpatch 2022/07/14 v2.5.10 Patching commands (CTEX)
)
(/usr/local/texlive/2023/texmf-dist/tex/latex/base/fix-cm.sty
Package: fix-cm 2020/11/24 v1.1t fixes to LaTeX

(/usr/local/texlive/2023/texmf-dist/tex/latex/base/ts1enc.def
File: ts1enc.def 2001/06/05 v3.0e (jk/car/fm) Standard LaTeX file
LaTeX Font Info:    Redeclaring font encoding TS1 on input line 47.
))
\l__ctex_tmp_int=\count185
\l__ctex_tmp_box=\box52
\l__ctex_tmp_dim=\dimen140
\g__ctex_section_depth_int=\count186
\g__ctex_font_size_int=\count187

(/usr/local/texlive/2023/texmf-dist/tex/latex/ctex/config/ctexopts.cfg
File: ctexopts.cfg 2022/07/14 v2.5.10 Option configuration file (CTEX)
)
(/usr/local/texlive/2023/texmf-dist/tex/latex/base/book.cls
Document Class: book 2022/07/02 v1.4n Standard LaTeX document class
(/usr/local/texlive/2023/texmf-dist/tex/latex/base/bk10.clo
File: bk10.clo 2022/07/02 v1.4n Standard LaTeX file (size option)
)
\c@part=\count188
\c@chapter=\count189
\c@section=\count190
\c@subsection=\count191
\c@subsubsection=\count192
\c@paragraph=\count193
\c@subparagraph=\count194
\c@figure=\count195
\c@table=\count196
\abovecaptionskip=\skip48
\belowcaptionskip=\skip49
\bibindent=\dimen141
)
(/usr/local/texlive/2023/texmf-dist/tex/latex/ctex/engine/ctex-engine-xetex.def
File: ctex-engine-xetex.def 2022/07/14 v2.5.10 XeLaTeX adapter (CTEX)
(/usr/local/texlive/2023/texmf-dist/tex/xelatex/xecjk/xeCJK.sty
Package: xeCJK 2022/08/05 v3.9.1 Typesetting CJK scripts with XeLaTeX

(/usr/local/texlive/2023/texmf-dist/tex/latex/l3packages/xtemplate/xtemplate.st
y
Package: xtemplate 2023-02-02 L3 Experimental prototype document functions
\l__xtemplate_tmp_dim=\dimen142
\l__xtemplate_tmp_int=\count197
\l__xtemplate_tmp_muskip=\muskip16
\l__xtemplate_tmp_skip=\skip50
)
\l__xeCJK_tmp_int=\count198
\l__xeCJK_tmp_box=\box53
\l__xeCJK_tmp_dim=\dimen143
\l__xeCJK_tmp_skip=\skip51
\g__xeCJK_space_factor_int=\count199
\l__xeCJK_begin_int=\count266
\l__xeCJK_end_int=\count267
\c__xeCJK_CJK_class_int=\XeTeXcharclass1
\c__xeCJK_FullLeft_class_int=\XeTeXcharclass2
\c__xeCJK_FullRight_class_int=\XeTeXcharclass3
\c__xeCJK_HalfLeft_class_int=\XeTeXcharclass4
\c__xeCJK_HalfRight_class_int=\XeTeXcharclass5
\c__xeCJK_NormalSpace_class_int=\XeTeXcharclass6
\c__xeCJK_CM_class_int=\XeTeXcharclass7
\c__xeCJK_HangulJamo_class_int=\XeTeXcharclass8
\l__xeCJK_last_skip=\skip52
\c__xeCJK_none_node=\count268
\g__xeCJK_node_int=\count269
\c__xeCJK_CJK_node_dim=\dimen144
\c__xeCJK_CJK-space_node_dim=\dimen145
\c__xeCJK_default_node_dim=\dimen146
\c__xeCJK_CJK-widow_node_dim=\dimen147
\c__xeCJK_normalspace_node_dim=\dimen148
\c__xeCJK_default-space_node_skip=\skip53
\l__xeCJK_ccglue_skip=\skip54
\l__xeCJK_ecglue_skip=\skip55
\l__xeCJK_punct_kern_skip=\skip56
\l__xeCJK_indent_box=\box54
\l__xeCJK_last_penalty_int=\count270
\l__xeCJK_last_bound_dim=\dimen149
\l__xeCJK_last_kern_dim=\dimen150
\l__xeCJK_widow_penalty_int=\count271

Package xtemplate Info: Declaring object type 'xeCJK/punctuation' taking 0
(xtemplate)             argument(s) on line 2396.

\l__xeCJK_fixed_punct_width_dim=\dimen151
\l__xeCJK_mixed_punct_width_dim=\dimen152
\l__xeCJK_middle_punct_width_dim=\dimen153
\l__xeCJK_fixed_margin_width_dim=\dimen154
\l__xeCJK_mixed_margin_width_dim=\dimen155
\l__xeCJK_middle_margin_width_dim=\dimen156
\l__xeCJK_bound_punct_width_dim=\dimen157
\l__xeCJK_bound_margin_width_dim=\dimen158
\l__xeCJK_margin_minimum_dim=\dimen159
\l__xeCJK_kerning_total_width_dim=\dimen160
\l__xeCJK_same_align_margin_dim=\dimen161
\l__xeCJK_different_align_margin_dim=\dimen162
\l__xeCJK_kerning_margin_width_dim=\dimen163
\l__xeCJK_kerning_margin_minimum_dim=\dimen164
\l__xeCJK_bound_dim=\dimen165
\l__xeCJK_reverse_bound_dim=\dimen166
\l__xeCJK_margin_dim=\dimen167
\l__xeCJK_minimum_bound_dim=\dimen168
\l__xeCJK_kerning_margin_dim=\dimen169
\g__xeCJK_family_int=\count272
\l__xeCJK_fam_int=\count273
\g__xeCJK_fam_allocation_int=\count274
\l__xeCJK_verb_case_int=\count275
\l__xeCJK_verb_exspace_skip=\skip57
 (/usr/local/texlive/2023/texmf-dist/tex/latex/fontspec/fontspec.sty
(/usr/local/texlive/2023/texmf-dist/tex/latex/l3packages/xparse/xparse.sty
Package: xparse 2023-02-02 L3 Experimental document command parser
)
Package: fontspec 2022/01/15 v2.8a Font selection for XeLaTeX and LuaLaTeX

(/usr/local/texlive/2023/texmf-dist/tex/latex/fontspec/fontspec-xetex.sty
Package: fontspec-xetex 2022/01/15 v2.8a Font selection for XeLaTeX and LuaLaTe
X
\l__fontspec_script_int=\count276
\l__fontspec_language_int=\count277
\l__fontspec_strnum_int=\count278
\l__fontspec_tmp_int=\count279
\l__fontspec_tmpa_int=\count280
\l__fontspec_tmpb_int=\count281
\l__fontspec_tmpc_int=\count282
\l__fontspec_em_int=\count283
\l__fontspec_emdef_int=\count284
\l__fontspec_strong_int=\count285
\l__fontspec_strongdef_int=\count286
\l__fontspec_tmpa_dim=\dimen170
\l__fontspec_tmpb_dim=\dimen171
\l__fontspec_tmpc_dim=\dimen172

(/usr/local/texlive/2023/texmf-dist/tex/latex/base/fontenc.sty
Package: fontenc 2021/04/29 v2.0v Standard LaTeX package
)
(/usr/local/texlive/2023/texmf-dist/tex/latex/fontspec/fontspec.cfg)))
(/usr/local/texlive/2023/texmf-dist/tex/xelatex/xecjk/xeCJK.cfg
File: xeCJK.cfg 2022/08/05 v3.9.1 Configuration file for xeCJK package
))
\ccwd=\dimen173
\l__ctex_ccglue_skip=\skip58
)
\l__ctex_ziju_dim=\dimen174

(/usr/local/texlive/2023/texmf-dist/tex/latex/zhnumber/zhnumber.sty
Package: zhnumber 2022/07/14 v3.0 Typesetting numbers with Chinese glyphs
\l__zhnum_scale_int=\count287
\l__zhnum_tmp_int=\count288

(/usr/local/texlive/2023/texmf-dist/tex/latex/zhnumber/zhnumber-utf8.cfg
File: zhnumber-utf8.cfg 2022/07/14 v3.0 Chinese numerals with UTF8 encoding
))
\l__ctex_heading_skip=\skip59

(/usr/local/texlive/2023/texmf-dist/tex/latex/ctex/scheme/ctex-scheme-chinese-b
ook.def
File: ctex-scheme-chinese-book.def 2022/07/14 v2.5.10 Chinese scheme for book (
CTEX)

(/usr/local/texlive/2023/texmf-dist/tex/latex/ctex/config/ctex-name-utf8.cfg
File: ctex-name-utf8.cfg 2022/07/14 v2.5.10 Caption with encoding UTF-8 (CTEX)
))
(/usr/local/texlive/2023/texmf-dist/tex/latex/ctex/ctex-c5size.clo
File: ctex-c5size.clo 2022/07/14 v2.5.10 c5size option (CTEX)
)
(/usr/local/texlive/2023/texmf-dist/tex/latex/ctex/fontset/ctex-fontset-ubuntu.
def
File: ctex-fontset-ubuntu.def 2022/07/14 v2.5.10 Ubuntu fonts definition (CTEX)


Package fontspec Info: Could not resolve font "AR PL KaitiM GB/B" (it probably
(fontspec)             doesn't exist).


Package fontspec Info: Font family 'NotoSerifCJKSC(0)' created for font 'Noto
(fontspec)             Serif CJK SC' with options [Script={CJK},ItalicFont={AR
(fontspec)             PL KaitiM GB}].
(fontspec)              
(fontspec)              This font family consists of the following NFSS
(fontspec)             series/shapes:
(fontspec)              
(fontspec)             - 'normal' (m/n) with NFSS spec.: <->"Noto Serif CJK
(fontspec)             SC/OT:script=hani;language=dflt;"
(fontspec)             - 'small caps'  (m/sc) with NFSS spec.: 
(fontspec)             - 'bold' (b/n) with NFSS spec.: <->"Noto Serif CJK
(fontspec)             SC/B/OT:script=hani;language=dflt;"
(fontspec)             - 'bold small caps'  (b/sc) with NFSS spec.: 
(fontspec)             - 'italic' (m/it) with NFSS spec.: <->"AR PL KaitiM
(fontspec)             GB/OT:script=hani;language=dflt;"
(fontspec)             - 'italic small caps'  (m/scit) with NFSS spec.: 
(fontspec)             - 'bold italic' (b/it) with NFSS spec.: <->"Noto Serif
(fontspec)             CJK SC/BI/OT:script=hani;language=dflt;"
(fontspec)             - 'bold italic small caps'  (b/scit) with NFSS spec.: 

)) (/usr/local/texlive/2023/texmf-dist/tex/latex/ctex/config/ctex.cfg
File: ctex.cfg 2022/07/14 v2.5.10 Configuration file (CTEX)
)
(/usr/local/texlive/2023/texmf-dist/tex/latex/parskip/parskip.sty
Package: parskip 2021-03-14 v2.0h non-zero parskip adjustments

(/usr/local/texlive/2023/texmf-dist/tex/latex/kvoptions/kvoptions.sty
Package: kvoptions 2022-06-15 v3.15 Key value format for package options (HO)

(/usr/local/texlive/2023/texmf-dist/tex/latex/graphics/keyval.sty
Package: keyval 2022/05/29 v1.15 key=value parser (DPC)
\KV@toks@=\toks16
)
(/usr/local/texlive/2023/texmf-dist/tex/generic/ltxcmds/ltxcmds.sty
Package: ltxcmds 2020-05-10 v1.25 LaTeX kernel commands for general use (HO)
)
(/usr/local/texlive/2023/texmf-dist/tex/latex/kvsetkeys/kvsetkeys.sty
Package: kvsetkeys 2022-10-05 v1.19 Key value parser (HO)
))
(/usr/local/texlive/2023/texmf-dist/tex/latex/etoolbox/etoolbox.sty
Package: etoolbox 2020/10/05 v2.5k e-TeX tools for LaTeX (JAW)
\etb@tempcnta=\count289
)
Couldn't patch \@startsection
Couldn't patch \@xsect
) (/usr/local/texlive/2023/texmf-dist/tex/latex/amsmath/amsmath.sty
Package: amsmath 2022/04/08 v2.17n AMS math features
\@mathmargin=\skip60

For additional information on amsmath, use the `?' option.
(/usr/local/texlive/2023/texmf-dist/tex/latex/amsmath/amstext.sty
Package: amstext 2021/08/26 v2.01 AMS text

(/usr/local/texlive/2023/texmf-dist/tex/latex/amsmath/amsgen.sty
File: amsgen.sty 1999/11/30 v2.0 generic functions
\@emptytoks=\toks17
\ex@=\dimen175
))
(/usr/local/texlive/2023/texmf-dist/tex/latex/amsmath/amsbsy.sty
Package: amsbsy 1999/11/29 v1.2d Bold Symbols
\pmbraise@=\dimen176
)
(/usr/local/texlive/2023/texmf-dist/tex/latex/amsmath/amsopn.sty
Package: amsopn 2022/04/08 v2.04 operator names
)
\inf@bad=\count290
LaTeX Info: Redefining \frac on input line 234.
\uproot@=\count291
\leftroot@=\count292
LaTeX Info: Redefining \overline on input line 399.
LaTeX Info: Redefining \colon on input line 410.
\classnum@=\count293
\DOTSCASE@=\count294
LaTeX Info: Redefining \ldots on input line 496.
LaTeX Info: Redefining \dots on input line 499.
LaTeX Info: Redefining \cdots on input line 620.
\Mathstrutbox@=\box55
\strutbox@=\box56
LaTeX Info: Redefining \big on input line 722.
LaTeX Info: Redefining \Big on input line 723.
LaTeX Info: Redefining \bigg on input line 724.
LaTeX Info: Redefining \Bigg on input line 725.
\big@size=\dimen177
LaTeX Font Info:    Redeclaring font encoding OML on input line 743.
LaTeX Font Info:    Redeclaring font encoding OMS on input line 744.
\macc@depth=\count295
LaTeX Info: Redefining \bmod on input line 905.
LaTeX Info: Redefining \pmod on input line 910.
LaTeX Info: Redefining \smash on input line 940.
LaTeX Info: Redefining \relbar on input line 970.
LaTeX Info: Redefining \Relbar on input line 971.
\c@MaxMatrixCols=\count296
\dotsspace@=\muskip17
\c@parentequation=\count297
\dspbrk@lvl=\count298
\tag@help=\toks18
\row@=\count299
\column@=\count300
\maxfields@=\count301
\andhelp@=\toks19
\eqnshift@=\dimen178
\alignsep@=\dimen179
\tagshift@=\dimen180
\tagwidth@=\dimen181
\totwidth@=\dimen182
\lineht@=\dimen183
\@envbody=\toks20
\multlinegap=\skip61
\multlinetaggap=\skip62
\mathdisplay@stack=\toks21
LaTeX Info: Redefining \[ on input line 2953.
LaTeX Info: Redefining \] on input line 2954.
)
(/usr/local/texlive/2023/texmf-dist/tex/latex/amsfonts/amssymb.sty
Package: amssymb 2013/01/14 v3.01 AMS font symbols

(/usr/local/texlive/2023/texmf-dist/tex/latex/amsfonts/amsfonts.sty
Package: amsfonts 2013/01/14 v3.01 Basic AMSFonts support
\symAMSa=\mathgroup4
\symAMSb=\mathgroup5
LaTeX Font Info:    Redeclaring math symbol \hbar on input line 98.
LaTeX Font Info:    Overwriting math alphabet `\mathfrak' in version `bold'
(Font)                  U/euf/m/n --> U/euf/b/n on input line 106.
))
(/usr/local/texlive/2023/texmf-dist/tex/latex/tools/array.sty
Package: array 2022/09/04 v2.5g Tabular extension package (FMi)
\col@sep=\dimen184
\ar@mcellbox=\box57
\extrarowheight=\dimen185
\NC@list=\toks22
\extratabsurround=\skip63
\backup@length=\skip64
\ar@cellbox=\box58
)
(/usr/local/texlive/2023/texmf-dist/tex/latex/graphics/graphicx.sty
Package: graphicx 2021/09/16 v1.2d Enhanced LaTeX Graphics (DPC,SPQR)

(/usr/local/texlive/2023/texmf-dist/tex/latex/graphics/graphics.sty
Package: graphics 2022/03/10 v1.4e Standard LaTeX Graphics (DPC,SPQR)

(/usr/local/texlive/2023/texmf-dist/tex/latex/graphics/trig.sty
Package: trig 2021/08/11 v1.11 sin cos tan (DPC)
)
(/usr/local/texlive/2023/texmf-dist/tex/latex/graphics-cfg/graphics.cfg
File: graphics.cfg 2016/06/04 v1.11 sample graphics configuration
)
Package graphics Info: Driver file: xetex.def on input line 107.

(/usr/local/texlive/2023/texmf-dist/tex/latex/graphics-def/xetex.def
File: xetex.def 2022/09/22 v5.0n Graphics/color driver for xetex
))
\Gin@req@height=\dimen186
\Gin@req@width=\dimen187
)
(/usr/local/texlive/2023/texmf-dist/tex/latex/float/float.sty
Package: float 2001/11/08 v1.3d Float enhancements (AL)
\c@float@type=\count302
\float@exts=\toks23
\float@box=\box59
\@float@everytoks=\toks24
\@floatcapt=\box60
)
(/usr/local/texlive/2023/texmf-dist/tex/latex/psnfss/pifont.sty
Package: pifont 2020/03/25 PSNFSS-v9.3 Pi font support (SPQR) 
LaTeX Font Info:    Trying to load font information for U+pzd on input line 63.


(/usr/local/texlive/2023/texmf-dist/tex/latex/psnfss/upzd.fd
File: upzd.fd 2001/06/04 font definitions for U/pzd.
)
LaTeX Font Info:    Trying to load font information for U+psy on input line 64.


(/usr/local/texlive/2023/texmf-dist/tex/latex/psnfss/upsy.fd
File: upsy.fd 2001/06/04 font definitions for U/psy.
))
(/usr/local/texlive/2023/texmf-dist/tex/latex/pgf/frontendlayer/tikz.sty
(/usr/local/texlive/2023/texmf-dist/tex/latex/pgf/basiclayer/pgf.sty
(/usr/local/texlive/2023/texmf-dist/tex/latex/pgf/utilities/pgfrcs.sty
(/usr/local/texlive/2023/texmf-dist/tex/generic/pgf/utilities/pgfutil-common.te
x
\pgfutil@everybye=\toks25
\pgfutil@tempdima=\dimen188
\pgfutil@tempdimb=\dimen189
)
(/usr/local/texlive/2023/texmf-dist/tex/generic/pgf/utilities/pgfutil-latex.def
\pgfutil@abb=\box61
) (/usr/local/texlive/2023/texmf-dist/tex/generic/pgf/utilities/pgfrcs.code.tex
(/usr/local/texlive/2023/texmf-dist/tex/generic/pgf/pgf.revision.tex)
Package: pgfrcs 2023-01-15 v3.1.10 (3.1.10)
))
Package: pgf 2023-01-15 v3.1.10 (3.1.10)

(/usr/local/texlive/2023/texmf-dist/tex/latex/pgf/basiclayer/pgfcore.sty
(/usr/local/texlive/2023/texmf-dist/tex/latex/pgf/systemlayer/pgfsys.sty
(/usr/local/texlive/2023/texmf-dist/tex/generic/pgf/systemlayer/pgfsys.code.tex
Package: pgfsys 2023-01-15 v3.1.10 (3.1.10)
(/usr/local/texlive/2023/texmf-dist/tex/generic/pgf/utilities/pgfkeys.code.tex
\pgfkeys@pathtoks=\toks26
\pgfkeys@temptoks=\toks27

(/usr/local/texlive/2023/texmf-dist/tex/generic/pgf/utilities/pgfkeyslibraryfil
tered.code.tex
\pgfkeys@tmptoks=\toks28
))
\pgf@x=\dimen190
\pgf@y=\dimen191
\pgf@xa=\dimen192
\pgf@ya=\dimen193
\pgf@xb=\dimen194
\pgf@yb=\dimen195
\pgf@xc=\dimen196
\pgf@yc=\dimen197
\pgf@xd=\dimen198
\pgf@yd=\dimen199
\w@pgf@writea=\write3
\r@pgf@reada=\read2
\c@pgf@counta=\count303
\c@pgf@countb=\count304
\c@pgf@countc=\count305
\c@pgf@countd=\count306
\t@pgf@toka=\toks29
\t@pgf@tokb=\toks30
\t@pgf@tokc=\toks31
\pgf@sys@id@count=\count307

(/usr/local/texlive/2023/texmf-dist/tex/generic/pgf/systemlayer/pgf.cfg
File: pgf.cfg 2023-01-15 v3.1.10 (3.1.10)
)
Driver file for pgf: pgfsys-xetex.def

(/usr/local/texlive/2023/texmf-dist/tex/generic/pgf/systemlayer/pgfsys-xetex.de
f
File: pgfsys-xetex.def 2023-01-15 v3.1.10 (3.1.10)

(/usr/local/texlive/2023/texmf-dist/tex/generic/pgf/systemlayer/pgfsys-dvipdfmx
.def
File: pgfsys-dvipdfmx.def 2023-01-15 v3.1.10 (3.1.10)

(/usr/local/texlive/2023/texmf-dist/tex/generic/pgf/systemlayer/pgfsys-common-p
df.def
File: pgfsys-common-pdf.def 2023-01-15 v3.1.10 (3.1.10)
)
\pgfsys@objnum=\count308
)))
(/usr/local/texlive/2023/texmf-dist/tex/generic/pgf/systemlayer/pgfsyssoftpath.
code.tex
File: pgfsyssoftpath.code.tex 2023-01-15 v3.1.10 (3.1.10)
\pgfsyssoftpath@smallbuffer@items=\count309
\pgfsyssoftpath@bigbuffer@items=\count310
)
(/usr/local/texlive/2023/texmf-dist/tex/generic/pgf/systemlayer/pgfsysprotocol.
code.tex
File: pgfsysprotocol.code.tex 2023-01-15 v3.1.10 (3.1.10)
)) (/usr/local/texlive/2023/texmf-dist/tex/latex/xcolor/xcolor.sty
Package: xcolor 2022/06/12 v2.14 LaTeX color extensions (UK)

(/usr/local/texlive/2023/texmf-dist/tex/latex/graphics-cfg/color.cfg
File: color.cfg 2016/01/02 v1.6 sample color configuration
)
Package xcolor Info: Driver file: xetex.def on input line 227.

(/usr/local/texlive/2023/texmf-dist/tex/latex/graphics/mathcolor.ltx)
Package xcolor Info: Model `cmy' substituted by `cmy0' on input line 1353.
Package xcolor Info: Model `RGB' extended on input line 1369.
Package xcolor Info: Model `HTML' substituted by `rgb' on input line 1371.
Package xcolor Info: Model `Hsb' substituted by `hsb' on input line 1372.
Package xcolor Info: Model `tHsb' substituted by `hsb' on input line 1373.
Package xcolor Info: Model `HSB' substituted by `hsb' on input line 1374.
Package xcolor Info: Model `Gray' substituted by `gray' on input line 1375.
Package xcolor Info: Model `wave' substituted by `hsb' on input line 1376.
)
(/usr/local/texlive/2023/texmf-dist/tex/generic/pgf/basiclayer/pgfcore.code.tex
Package: pgfcore 2023-01-15 v3.1.10 (3.1.10)
(/usr/local/texlive/2023/texmf-dist/tex/generic/pgf/math/pgfmath.code.tex
(/usr/local/texlive/2023/texmf-dist/tex/generic/pgf/math/pgfmathutil.code.tex)
(/usr/local/texlive/2023/texmf-dist/tex/generic/pgf/math/pgfmathparser.code.tex
\pgfmath@dimen=\dimen256
\pgfmath@count=\count311
\pgfmath@box=\box62
\pgfmath@toks=\toks32
\pgfmath@stack@operand=\toks33
\pgfmath@stack@operation=\toks34
)
(/usr/local/texlive/2023/texmf-dist/tex/generic/pgf/math/pgfmathfunctions.code.
tex)
(/usr/local/texlive/2023/texmf-dist/tex/generic/pgf/math/pgfmathfunctions.basic
.code.tex)
(/usr/local/texlive/2023/texmf-dist/tex/generic/pgf/math/pgfmathfunctions.trigo
nometric.code.tex)
(/usr/local/texlive/2023/texmf-dist/tex/generic/pgf/math/pgfmathfunctions.rando
m.code.tex)
(/usr/local/texlive/2023/texmf-dist/tex/generic/pgf/math/pgfmathfunctions.compa
rison.code.tex)
(/usr/local/texlive/2023/texmf-dist/tex/generic/pgf/math/pgfmathfunctions.base.
code.tex)
(/usr/local/texlive/2023/texmf-dist/tex/generic/pgf/math/pgfmathfunctions.round
.code.tex)
(/usr/local/texlive/2023/texmf-dist/tex/generic/pgf/math/pgfmathfunctions.misc.
code.tex)
(/usr/local/texlive/2023/texmf-dist/tex/generic/pgf/math/pgfmathfunctions.integ
erarithmetics.code.tex)
(/usr/local/texlive/2023/texmf-dist/tex/generic/pgf/math/pgfmathcalc.code.tex)
(/usr/local/texlive/2023/texmf-dist/tex/generic/pgf/math/pgfmathfloat.code.tex
\c@pgfmathroundto@lastzeros=\count312
)) (/usr/local/texlive/2023/texmf-dist/tex/generic/pgf/math/pgfint.code.tex)
(/usr/local/texlive/2023/texmf-dist/tex/generic/pgf/basiclayer/pgfcorepoints.co
de.tex
File: pgfcorepoints.code.tex 2023-01-15 v3.1.10 (3.1.10)
\pgf@picminx=\dimen257
\pgf@picmaxx=\dimen258
\pgf@picminy=\dimen259
\pgf@picmaxy=\dimen260
\pgf@pathminx=\dimen261
\pgf@pathmaxx=\dimen262
\pgf@pathminy=\dimen263
\pgf@pathmaxy=\dimen264
\pgf@xx=\dimen265
\pgf@xy=\dimen266
\pgf@yx=\dimen267
\pgf@yy=\dimen268
\pgf@zx=\dimen269
\pgf@zy=\dimen270
)
(/usr/local/texlive/2023/texmf-dist/tex/generic/pgf/basiclayer/pgfcorepathconst
ruct.code.tex
File: pgfcorepathconstruct.code.tex 2023-01-15 v3.1.10 (3.1.10)
\pgf@path@lastx=\dimen271
\pgf@path@lasty=\dimen272
)
(/usr/local/texlive/2023/texmf-dist/tex/generic/pgf/basiclayer/pgfcorepathusage
.code.tex
File: pgfcorepathusage.code.tex 2023-01-15 v3.1.10 (3.1.10)
\pgf@shorten@end@additional=\dimen273
\pgf@shorten@start@additional=\dimen274
)
(/usr/local/texlive/2023/texmf-dist/tex/generic/pgf/basiclayer/pgfcorescopes.co
de.tex
File: pgfcorescopes.code.tex 2023-01-15 v3.1.10 (3.1.10)
\pgfpic=\box63
\pgf@hbox=\box64
\pgf@layerbox@main=\box65
\pgf@picture@serial@count=\count313
)
(/usr/local/texlive/2023/texmf-dist/tex/generic/pgf/basiclayer/pgfcoregraphicst
ate.code.tex
File: pgfcoregraphicstate.code.tex 2023-01-15 v3.1.10 (3.1.10)
\pgflinewidth=\dimen275
)
(/usr/local/texlive/2023/texmf-dist/tex/generic/pgf/basiclayer/pgfcoretransform
ations.code.tex
File: pgfcoretransformations.code.tex 2023-01-15 v3.1.10 (3.1.10)
\pgf@pt@x=\dimen276
\pgf@pt@y=\dimen277
\pgf@pt@temp=\dimen278
)
(/usr/local/texlive/2023/texmf-dist/tex/generic/pgf/basiclayer/pgfcorequick.cod
e.tex
File: pgfcorequick.code.tex 2023-01-15 v3.1.10 (3.1.10)
)
(/usr/local/texlive/2023/texmf-dist/tex/generic/pgf/basiclayer/pgfcoreobjects.c
ode.tex
File: pgfcoreobjects.code.tex 2023-01-15 v3.1.10 (3.1.10)
)
(/usr/local/texlive/2023/texmf-dist/tex/generic/pgf/basiclayer/pgfcorepathproce
ssing.code.tex
File: pgfcorepathprocessing.code.tex 2023-01-15 v3.1.10 (3.1.10)
)
(/usr/local/texlive/2023/texmf-dist/tex/generic/pgf/basiclayer/pgfcorearrows.co
de.tex
File: pgfcorearrows.code.tex 2023-01-15 v3.1.10 (3.1.10)
\pgfarrowsep=\dimen279
)
(/usr/local/texlive/2023/texmf-dist/tex/generic/pgf/basiclayer/pgfcoreshade.cod
e.tex
File: pgfcoreshade.code.tex 2023-01-15 v3.1.10 (3.1.10)
\pgf@max=\dimen280
\pgf@sys@shading@range@num=\count314
\pgf@shadingcount=\count315
)
(/usr/local/texlive/2023/texmf-dist/tex/generic/pgf/basiclayer/pgfcoreimage.cod
e.tex
File: pgfcoreimage.code.tex 2023-01-15 v3.1.10 (3.1.10)
)
(/usr/local/texlive/2023/texmf-dist/tex/generic/pgf/basiclayer/pgfcoreexternal.
code.tex
File: pgfcoreexternal.code.tex 2023-01-15 v3.1.10 (3.1.10)
\pgfexternal@startupbox=\box66
)
(/usr/local/texlive/2023/texmf-dist/tex/generic/pgf/basiclayer/pgfcorelayers.co
de.tex
File: pgfcorelayers.code.tex 2023-01-15 v3.1.10 (3.1.10)
)
(/usr/local/texlive/2023/texmf-dist/tex/generic/pgf/basiclayer/pgfcoretranspare
ncy.code.tex
File: pgfcoretransparency.code.tex 2023-01-15 v3.1.10 (3.1.10)
)
(/usr/local/texlive/2023/texmf-dist/tex/generic/pgf/basiclayer/pgfcorepatterns.
code.tex
File: pgfcorepatterns.code.tex 2023-01-15 v3.1.10 (3.1.10)
)
(/usr/local/texlive/2023/texmf-dist/tex/generic/pgf/basiclayer/pgfcorerdf.code.
tex
File: pgfcorerdf.code.tex 2023-01-15 v3.1.10 (3.1.10)
)))
(/usr/local/texlive/2023/texmf-dist/tex/generic/pgf/modules/pgfmoduleshapes.cod
e.tex
File: pgfmoduleshapes.code.tex 2023-01-15 v3.1.10 (3.1.10)
\pgfnodeparttextbox=\box67
)
(/usr/local/texlive/2023/texmf-dist/tex/generic/pgf/modules/pgfmoduleplot.code.
tex
File: pgfmoduleplot.code.tex 2023-01-15 v3.1.10 (3.1.10)
)
(/usr/local/texlive/2023/texmf-dist/tex/latex/pgf/compatibility/pgfcomp-version
-0-65.sty
Package: pgfcomp-version-0-65 2023-01-15 v3.1.10 (3.1.10)
\pgf@nodesepstart=\dimen281
\pgf@nodesepend=\dimen282
)
(/usr/local/texlive/2023/texmf-dist/tex/latex/pgf/compatibility/pgfcomp-version
-1-18.sty
Package: pgfcomp-version-1-18 2023-01-15 v3.1.10 (3.1.10)
))
(/usr/local/texlive/2023/texmf-dist/tex/latex/pgf/utilities/pgffor.sty
(/usr/local/texlive/2023/texmf-dist/tex/latex/pgf/utilities/pgfkeys.sty
(/usr/local/texlive/2023/texmf-dist/tex/generic/pgf/utilities/pgfkeys.code.tex)
) (/usr/local/texlive/2023/texmf-dist/tex/latex/pgf/math/pgfmath.sty
(/usr/local/texlive/2023/texmf-dist/tex/generic/pgf/math/pgfmath.code.tex))
(/usr/local/texlive/2023/texmf-dist/tex/generic/pgf/utilities/pgffor.code.tex
Package: pgffor 2023-01-15 v3.1.10 (3.1.10)
\pgffor@iter=\dimen283
\pgffor@skip=\dimen284
\pgffor@stack=\toks35
\pgffor@toks=\toks36
))
(/usr/local/texlive/2023/texmf-dist/tex/generic/pgf/frontendlayer/tikz/tikz.cod
e.tex
Package: tikz 2023-01-15 v3.1.10 (3.1.10)

(/usr/local/texlive/2023/texmf-dist/tex/generic/pgf/libraries/pgflibraryplothan
dlers.code.tex
File: pgflibraryplothandlers.code.tex 2023-01-15 v3.1.10 (3.1.10)
\pgf@plot@mark@count=\count316
\pgfplotmarksize=\dimen285
)
\tikz@lastx=\dimen286
\tikz@lasty=\dimen287
\tikz@lastxsaved=\dimen288
\tikz@lastysaved=\dimen289
\tikz@lastmovetox=\dimen290
\tikz@lastmovetoy=\dimen291
\tikzleveldistance=\dimen292
\tikzsiblingdistance=\dimen293
\tikz@figbox=\box68
\tikz@figbox@bg=\box69
\tikz@tempbox=\box70
\tikz@tempbox@bg=\box71
\tikztreelevel=\count317
\tikznumberofchildren=\count318
\tikznumberofcurrentchild=\count319
\tikz@fig@count=\count320

(/usr/local/texlive/2023/texmf-dist/tex/generic/pgf/modules/pgfmodulematrix.cod
e.tex
File: pgfmodulematrix.code.tex 2023-01-15 v3.1.10 (3.1.10)
\pgfmatrixcurrentrow=\count321
\pgfmatrixcurrentcolumn=\count322
\pgf@matrix@numberofcolumns=\count323
)
\tikz@expandcount=\count324

(/usr/local/texlive/2023/texmf-dist/tex/generic/pgf/frontendlayer/tikz/librarie
s/tikzlibrarytopaths.code.tex
File: tikzlibrarytopaths.code.tex 2023-01-15 v3.1.10 (3.1.10)
)))
(/usr/local/texlive/2023/texmf-dist/tex/latex/ntheorem/ntheorem.sty
Style `ntheorem', Version 1.33 <2011/08/15>
Package: ntheorem 2011/08/15 1.33
(/usr/local/texlive/2023/texmf-dist/tex/latex/base/ifthen.sty
Package: ifthen 2022/04/13 v1.1d Standard LaTeX ifthen package (DPC)
)
\theorem@style=\toks37
\theorem@@style=\toks38
\theorembodyfont=\toks39
\theoremnumbering=\toks40
\theorempreskipamount=\skip65
\theorempostskipamount=\skip66
\theoremframepreskipamount=\skip67
\theoremframepostskipamount=\skip68
\theoreminframepreskipamount=\skip69
\theoreminframepostskipamount=\skip70
\theorem@preskip=\toks41
\theorem@postskip=\toks42
\theorem@framepreskip=\toks43
\theorem@framepostskip=\toks44
\theorem@inframepreskip=\toks45
\theorem@inframepostskip=\toks46
\theoremindent=\dimen294
\theorem@indent=\dimen295
\theoremrightindent=\dimen296
\theorem@rightindent=\dimen297
\theoremheaderfont=\toks47
\theoremseparator=\toks48
\theoremprework=\toks49
\theorempostwork=\toks50
\theoremsymbol=\toks51
\qedsymbol=\toks52
\theoremkeyword=\toks53
\qedsymbol=\toks54
\thm@topsep=\skip71
\thm@topsepadd=\skip72
\shadecolor=\toks55
)
(/usr/local/texlive/2023/texmf-dist/tex/latex/framed/framed.sty
Package: framed 2011/10/22 v 0.96: framed or shaded text with page breaks
\OuterFrameSep=\skip73
\fb@frw=\dimen298
\fb@frh=\dimen299
\FrameRule=\dimen300
\FrameSep=\dimen301
)
(/usr/local/texlive/2023/texmf-dist/tex/latex/boxedminipage/boxedminipage.sty
Package: boxedminipage 2020/04/19 v1.1 Boxed LaTeX2e minipages
\bmp@box=\box72
\bmp@width=\skip74
\bmp@height=\skip75
)
(/usr/local/texlive/2023/texmf-dist/tex/latex/wasysym/wasysym.sty
Package: wasysym 2020/01/19 v2.4 Wasy-2 symbol support package
\symwasy=\mathgroup6
LaTeX Font Info:    Overwriting symbol font `wasy' in version `bold'
(Font)                  U/wasy/m/n --> U/wasy/b/n on input line 93.
)
(/usr/local/texlive/2023/texmf-dist/tex/latex/hyperref/hyperref.sty
Package: hyperref 2023-02-07 v7.00v Hypertext links for LaTeX

(/usr/local/texlive/2023/texmf-dist/tex/generic/iftex/iftex.sty
Package: iftex 2022/02/03 v1.0f TeX engine tests
)
(/usr/local/texlive/2023/texmf-dist/tex/generic/pdftexcmds/pdftexcmds.sty
Package: pdftexcmds 2020-06-27 v0.33 Utility functions of pdfTeX for LuaTeX (HO
)

(/usr/local/texlive/2023/texmf-dist/tex/generic/infwarerr/infwarerr.sty
Package: infwarerr 2019/12/03 v1.5 Providing info/warning/error messages (HO)
)
Package pdftexcmds Info: \pdf@primitive is available.
Package pdftexcmds Info: \pdf@ifprimitive is available.
Package pdftexcmds Info: \pdfdraftmode not found.
)
(/usr/local/texlive/2023/texmf-dist/tex/generic/kvdefinekeys/kvdefinekeys.sty
Package: kvdefinekeys 2019-12-19 v1.6 Define keys (HO)
)
(/usr/local/texlive/2023/texmf-dist/tex/generic/pdfescape/pdfescape.sty
Package: pdfescape 2019/12/09 v1.15 Implements pdfTeX's escape features (HO)
)
(/usr/local/texlive/2023/texmf-dist/tex/latex/hycolor/hycolor.sty
Package: hycolor 2020-01-27 v1.10 Color options for hyperref/bookmark (HO)
)
(/usr/local/texlive/2023/texmf-dist/tex/latex/letltxmacro/letltxmacro.sty
Package: letltxmacro 2019/12/03 v1.6 Let assignment for LaTeX macros (HO)
)
(/usr/local/texlive/2023/texmf-dist/tex/latex/auxhook/auxhook.sty
Package: auxhook 2019-12-17 v1.6 Hooks for auxiliary files (HO)
)
(/usr/local/texlive/2023/texmf-dist/tex/latex/hyperref/nameref.sty
Package: nameref 2022-05-17 v2.50 Cross-referencing by name of section

(/usr/local/texlive/2023/texmf-dist/tex/latex/refcount/refcount.sty
Package: refcount 2019/12/15 v3.6 Data extraction from label references (HO)
)
(/usr/local/texlive/2023/texmf-dist/tex/generic/gettitlestring/gettitlestring.s
ty
Package: gettitlestring 2019/12/15 v1.6 Cleanup title references (HO)
)
\c@section@level=\count325
)
\@linkdim=\dimen302
\Hy@linkcounter=\count326
\Hy@pagecounter=\count327
 (/usr/local/texlive/2023/texmf-dist/tex/latex/hyperref/pd1enc.def
File: pd1enc.def 2023-02-07 v7.00v Hyperref: PDFDocEncoding definition (HO)
)
(/usr/local/texlive/2023/texmf-dist/tex/generic/intcalc/intcalc.sty
Package: intcalc 2019/12/15 v1.3 Expandable calculations with integers (HO)
)
(/usr/local/texlive/2023/texmf-dist/tex/generic/etexcmds/etexcmds.sty
Package: etexcmds 2019/12/15 v1.7 Avoid name clashes with e-TeX commands (HO)
)
\Hy@SavedSpaceFactor=\count328

(/usr/local/texlive/2023/texmf-dist/tex/latex/hyperref/puenc.def
File: puenc.def 2023-02-07 v7.00v Hyperref: PDF Unicode definition (HO)
)
Package hyperref Info: Option `unicode' set `true' on input line 4060.
Package hyperref Info: Option `colorlinks' set `true' on input line 4060.
Package hyperref Info: Hyper figures OFF on input line 4177.
Package hyperref Info: Link nesting OFF on input line 4182.
Package hyperref Info: Hyper index ON on input line 4185.
Package hyperref Info: Plain pages OFF on input line 4192.
Package hyperref Info: Backreferencing OFF on input line 4197.
Package hyperref Info: Implicit mode ON; LaTeX internals redefined.
Package hyperref Info: Bookmarks ON on input line 4425.
\c@Hy@tempcnt=\count329

(/usr/local/texlive/2023/texmf-dist/tex/latex/url/url.sty
\Urlmuskip=\muskip18
Package: url 2013/09/16  ver 3.4  Verb mode for urls, etc.
)
LaTeX Info: Redefining \url on input line 4763.
\XeTeXLinkMargin=\dimen303

(/usr/local/texlive/2023/texmf-dist/tex/generic/bitset/bitset.sty
Package: bitset 2019/12/09 v1.3 Handle bit-vector datatype (HO)

(/usr/local/texlive/2023/texmf-dist/tex/generic/bigintcalc/bigintcalc.sty
Package: bigintcalc 2019/12/15 v1.5 Expandable calculations on big integers (HO
)
))
\Fld@menulength=\count330
\Field@Width=\dimen304
\Fld@charsize=\dimen305
Package hyperref Info: Hyper figures OFF on input line 6042.
Package hyperref Info: Link nesting OFF on input line 6047.
Package hyperref Info: Hyper index ON on input line 6050.
Package hyperref Info: backreferencing OFF on input line 6057.
Package hyperref Info: Link coloring ON on input line 6060.
Package hyperref Info: Link coloring with OCG OFF on input line 6067.
Package hyperref Info: PDF/A mode OFF on input line 6072.

(/usr/local/texlive/2023/texmf-dist/tex/latex/base/atbegshi-ltx.sty
Package: atbegshi-ltx 2021/01/10 v1.0c Emulation of the original atbegshi
package with kernel methods
)
\Hy@abspage=\count331
\c@Item=\count332
\c@Hfootnote=\count333
)
Package hyperref Info: Driver (autodetected): hxetex.

(/usr/local/texlive/2023/texmf-dist/tex/latex/hyperref/hxetex.def
File: hxetex.def 2023-02-07 v7.00v Hyperref driver for XeTeX

(/usr/local/texlive/2023/texmf-dist/tex/generic/stringenc/stringenc.sty
Package: stringenc 2019/11/29 v1.12 Convert strings between diff. encodings (HO
)
)
\pdfm@box=\box73
\c@Hy@AnnotLevel=\count334
\HyField@AnnotCount=\count335
\Fld@listcount=\count336
\c@bookmark@seq@number=\count337

(/usr/local/texlive/2023/texmf-dist/tex/latex/rerunfilecheck/rerunfilecheck.sty
Package: rerunfilecheck 2022-07-10 v1.10 Rerun checks for auxiliary files (HO)
(/usr/local/texlive/2023/texmf-dist/tex/latex/base/atveryend-ltx.sty
Package: atveryend-ltx 2020/08/19 v1.0a Emulation of the original atveryend pac
kage
with kernel methods
)
(/usr/local/texlive/2023/texmf-dist/tex/generic/uniquecounter/uniquecounter.sty
Package: uniquecounter 2019/12/15 v1.4 Provide unlimited unique counter (HO)
)
Package uniquecounter Info: New unique counter `rerunfilecheck' on input line 2
85.
)
\Hy@SectionHShift=\skip76
)
(/usr/local/texlive/2023/texmf-dist/tex/generic/pgf/frontendlayer/tikz/librarie
s/datavisualization/tikzlibrarydatavisualization.formats.functions.code.tex
File: tikzlibrarydatavisualization.formats.functions.code.tex 2023-01-15 v3.1.1
0 (3.1.10)

(/usr/local/texlive/2023/texmf-dist/tex/generic/pgf/frontendlayer/tikz/librarie
s/datavisualization/tikzlibrarydatavisualization.code.tex
File: tikzlibrarydatavisualization.code.tex 2023-01-15 v3.1.10 (3.1.10)

(/usr/local/texlive/2023/texmf-dist/tex/generic/pgf/modules/pgfmoduledatavisual
ization.code.tex
File: pgfmoduledatavisualization.code.tex 2023-01-15 v3.1.10 (3.1.10)

(/usr/local/texlive/2023/texmf-dist/tex/generic/pgf/modules/pgfmoduleoo.code.te
x
\pgfoo@objectcount=\count338
\pgfoothis@count=\count339
\pgfoo@toks=\toks56
)
(/usr/local/texlive/2023/texmf-dist/tex/generic/pgf/libraries/pgflibraryfpu.cod
e.tex)
\pgf@lib@dv@cache@count=\count340
\pgf@lib@dv@cache@count=\count341
)
(/usr/local/texlive/2023/texmf-dist/tex/generic/pgf/frontendlayer/tikz/librarie
s/tikzlibrarybackgrounds.code.tex
File: tikzlibrarybackgrounds.code.tex 2023-01-15 v3.1.10 (3.1.10)
\pgf@layerbox@background=\box74
\pgf@layerboxsaved@background=\box75
)
\tikzdvvisualizercounter=\count342
)
(/usr/local/texlive/2023/texmf-dist/tex/generic/pgf/libraries/datavisualization
/pgflibrarydatavisualization.formats.functions.code.tex
File: pgflibrarydatavisualization.formats.functions.code.tex 2023-01-15 v3.1.10
 (3.1.10)
))
\c@theorem=\count343

(./differential_and_integral.aux (./01.方法、图像和直线.aux) (./02.三角学回顾.aux)
(./03.极限导论.aux) (./04.求解多项式的极限问题.aux) (./05.连续性和可导性.aux) (./06.求解微分问题.aux)
(./07.三角函数的极限和导数.aux) (./08.隐函数求导和相关变化率.aux) (./09.指数函数和对数函数.aux)
(./10.反函数和反三角函数.aux) (./11.导数和图像.aux) (./12.绘制函数图像.aux) (./13.最优化和线性化.aux)
(./14.洛必达法则及极限问题总结.aux) (./15.积分.aux) (./16.定积分.aux) (./17.微积分的基本定理.aux)
(./18.积分的方法_01.aux) (./19.积分的方法_02.aux) (./20.反常积分_基本概念.aux)
(./21.反常积分_如何解题.aux) (./22.数列和级数_基本概念.aux) (./23.求解级数问题.aux)
(./24.泰勒多项式_泰勒级数_幂级数导论.aux) (./25.求解估算问题.aux) (./26.泰勒级数和幂级数_如何解题.aux)
(./29.体积_弧长和表面积.aux) (./40.appendix_1.aux))
\openout1 = `differential_and_integral.aux'.

LaTeX Font Info:    Checking defaults for OML/cmm/m/it on input line 28.
LaTeX Font Info:    ... okay on input line 28.
LaTeX Font Info:    Checking defaults for OMS/cmsy/m/n on input line 28.
LaTeX Font Info:    ... okay on input line 28.
LaTeX Font Info:    Checking defaults for OT1/cmr/m/n on input line 28.
LaTeX Font Info:    ... okay on input line 28.
LaTeX Font Info:    Checking defaults for T1/cmr/m/n on input line 28.
LaTeX Font Info:    ... okay on input line 28.
LaTeX Font Info:    Checking defaults for TS1/cmr/m/n on input line 28.
LaTeX Font Info:    ... okay on input line 28.
LaTeX Font Info:    Checking defaults for TU/lmr/m/n on input line 28.
LaTeX Font Info:    ... okay on input line 28.
LaTeX Font Info:    Checking defaults for OMX/cmex/m/n on input line 28.
LaTeX Font Info:    ... okay on input line 28.
LaTeX Font Info:    Checking defaults for U/cmr/m/n on input line 28.
LaTeX Font Info:    ... okay on input line 28.
LaTeX Font Info:    Checking defaults for PD1/pdf/m/n on input line 28.
LaTeX Font Info:    ... okay on input line 28.
LaTeX Font Info:    Checking defaults for PU/pdf/m/n on input line 28.
LaTeX Font Info:    ... okay on input line 28.

Package fontspec Info: Adjusting the maths setup (use [no-math] to avoid
(fontspec)             this).

\symlegacymaths=\mathgroup7
LaTeX Font Info:    Overwriting symbol font `legacymaths' in version `bold'
(Font)                  OT1/cmr/m/n --> OT1/cmr/bx/n on input line 28.
LaTeX Font Info:    Redeclaring math accent \acute on input line 28.
LaTeX Font Info:    Redeclaring math accent \grave on input line 28.
LaTeX Font Info:    Redeclaring math accent \ddot on input line 28.
LaTeX Font Info:    Redeclaring math accent \tilde on input line 28.
LaTeX Font Info:    Redeclaring math accent \bar on input line 28.
LaTeX Font Info:    Redeclaring math accent \breve on input line 28.
LaTeX Font Info:    Redeclaring math accent \check on input line 28.
LaTeX Font Info:    Redeclaring math accent \hat on input line 28.
LaTeX Font Info:    Redeclaring math accent \dot on input line 28.
LaTeX Font Info:    Redeclaring math accent \mathring on input line 28.
LaTeX Font Info:    Redeclaring math symbol \Gamma on input line 28.
LaTeX Font Info:    Redeclaring math symbol \Delta on input line 28.
LaTeX Font Info:    Redeclaring math symbol \Theta on input line 28.
LaTeX Font Info:    Redeclaring math symbol \Lambda on input line 28.
LaTeX Font Info:    Redeclaring math symbol \Xi on input line 28.
LaTeX Font Info:    Redeclaring math symbol \Pi on input line 28.
LaTeX Font Info:    Redeclaring math symbol \Sigma on input line 28.
LaTeX Font Info:    Redeclaring math symbol \Upsilon on input line 28.
LaTeX Font Info:    Redeclaring math symbol \Phi on input line 28.
LaTeX Font Info:    Redeclaring math symbol \Psi on input line 28.
LaTeX Font Info:    Redeclaring math symbol \Omega on input line 28.
LaTeX Font Info:    Redeclaring math symbol \mathdollar on input line 28.
LaTeX Font Info:    Redeclaring symbol font `operators' on input line 28.
LaTeX Font Info:    Encoding `OT1' has changed to `TU' for symbol font
(Font)              `operators' in the math version `normal' on input line 28.
LaTeX Font Info:    Overwriting symbol font `operators' in version `normal'
(Font)                  OT1/cmr/m/n --> TU/lmr/m/n on input line 28.
LaTeX Font Info:    Encoding `OT1' has changed to `TU' for symbol font
(Font)              `operators' in the math version `bold' on input line 28.
LaTeX Font Info:    Overwriting symbol font `operators' in version `bold'
(Font)                  OT1/cmr/bx/n --> TU/lmr/m/n on input line 28.
LaTeX Font Info:    Overwriting symbol font `operators' in version `normal'
(Font)                  TU/lmr/m/n --> TU/lmr/m/n on input line 28.
LaTeX Font Info:    Overwriting math alphabet `\mathit' in version `normal'
(Font)                  OT1/cmr/m/it --> TU/lmr/m/it on input line 28.
LaTeX Font Info:    Overwriting math alphabet `\mathbf' in version `normal'
(Font)                  OT1/cmr/bx/n --> TU/lmr/b/n on input line 28.
LaTeX Font Info:    Overwriting math alphabet `\mathsf' in version `normal'
(Font)                  OT1/cmss/m/n --> TU/lmss/m/n on input line 28.
LaTeX Font Info:    Overwriting math alphabet `\mathtt' in version `normal'
(Font)                  OT1/cmtt/m/n --> TU/lmtt/m/n on input line 28.
LaTeX Font Info:    Overwriting symbol font `operators' in version `bold'
(Font)                  TU/lmr/m/n --> TU/lmr/b/n on input line 28.
LaTeX Font Info:    Overwriting math alphabet `\mathit' in version `bold'
(Font)                  OT1/cmr/bx/it --> TU/lmr/b/it on input line 28.
LaTeX Font Info:    Overwriting math alphabet `\mathsf' in version `bold'
(Font)                  OT1/cmss/bx/n --> TU/lmss/b/n on input line 28.
LaTeX Font Info:    Overwriting math alphabet `\mathtt' in version `bold'
(Font)                  OT1/cmtt/m/n --> TU/lmtt/b/n on input line 28.
Package hyperref Info: Link coloring ON on input line 28.
 (./differential_and_integral.out)
(./differential_and_integral.out)
\@outlinefile=\write4
\openout4 = `differential_and_integral.out'.

 (./differential_and_integral.toc [1


])
\tf@toc=\write5
\openout5 = `differential_and_integral.toc'.

LaTeX Font Info:    Font shape `TU/NotoSerifCJKSC(0)/m/sl' in size <10.53937> n
ot available
(Font)              Font shape `TU/NotoSerifCJKSC(0)/m/it' tried instead on inp
ut line 30.

[2]
\openout2 = `01.方法、图像和直线.aux'.

 (./01.方法、图像和直线.tex
第一章
LaTeX Font Info:    Trying to load font information for U+msa on input line 10.

(/usr/local/texlive/2023/texmf-dist/tex/latex/amsfonts/umsa.fd
File: umsa.fd 2013/01/14 v3.01 AMS symbols A
)
LaTeX Font Info:    Trying to load font information for U+msb on input line 10.


(/usr/local/texlive/2023/texmf-dist/tex/latex/amsfonts/umsb.fd
File: umsb.fd 2013/01/14 v3.01 AMS symbols B
)
LaTeX Font Info:    Trying to load font information for U+wasy on input line 10
.

(/usr/local/texlive/2023/texmf-dist/tex/latex/wasysym/uwasy.fd
File: uwasy.fd 2020/01/19 v2.4 Wasy-2 symbol font definitions
)

LaTeX Font Warning: Font shape `U/wasy/m/n' in size <10.53937> not available
(Font)              size <10.95> substituted on input line 10.

[3


]
Underfull \hbox (badness 10000) in paragraph at lines 23--24

 []


Underfull \hbox (badness 10000) in paragraph at lines 41--46

 []

[4]
Underfull \hbox (badness 10000) in paragraph at lines 47--49

 []


Underfull \hbox (badness 10000) in paragraph at lines 54--56

 []

[5]
Underfull \hbox (badness 10000) in paragraph at lines 73--79

 []


Underfull \hbox (badness 10000) in paragraph at lines 80--82

 []


Underfull \hbox (badness 10000) in paragraph at lines 83--86

 []


Underfull \hbox (badness 10000) in paragraph at lines 87--88

 []

) [6]
\openout2 = `02.三角学回顾.aux'.

 (./02.三角学回顾.tex
第二章
File: ./picture//triangel.pdf Graphic file (type pdf)
<use ./picture//triangel.pdf>

Underfull \hbox (badness 10000) in paragraph at lines 14--15

 []

[7




]
Underfull \hbox (badness 10000) in paragraph at lines 27--34

 []


Underfull \hbox (badness 10000) in paragraph at lines 35--41

 []


Underfull \hbox (badness 10000) in paragraph at lines 42--48

 []

[8]
Underfull \hbox (badness 10000) in paragraph at lines 49--55

 []


Underfull \hbox (badness 10000) in paragraph at lines 56--62

 []

File: ./picture//sin.pdf Graphic file (type pdf)
<use ./picture//sin.pdf>

Overfull \hbox (41.50302pt too wide) in paragraph at lines 67--68
 [][] 
 []

[9]
File: ./picture//cos.pdf Graphic file (type pdf)
<use ./picture//cos.pdf>

Overfull \hbox (41.50302pt too wide) in paragraph at lines 72--73
 [][] 
 []

File: ./picture//tan.pdf Graphic file (type pdf)
<use ./picture//tan.pdf>
File: ./picture//cot.pdf Graphic file (type pdf)
<use ./picture//cot.pdf>
[10]
File: ./picture//sec.pdf Graphic file (type pdf)
<use ./picture//sec.pdf>
 [11]
File: ./picture//csc.pdf Graphic file (type pdf)
<use ./picture//csc.pdf>
 [12] [13]) [14]
\openout2 = `03.极限导论.aux'.

 (./03.极限导论.tex
第三章

Underfull \hbox (badness 10000) in paragraph at lines 2--3

 []


Underfull \hbox (badness 10000) in paragraph at lines 15--17

 []

[15




]
Underfull \hbox (badness 10000) in paragraph at lines 42--43

 []

[16]) [17]
\openout2 = `04.求解多项式的极限问题.aux'.

 (./04.求解多项式的极限问题.tex
第四章
[18




]
Overfull \hbox (18.59897pt too wide) in paragraph at lines 22--28
[] [] \OT1/cmr/m/n/10.53937 = [] [] \OMS/cmsy/m/n/10.53937 ^^B [] \OT1/cmr/m/n/
10.53937 = [] []$ 
 []

[19]
Overfull \hbox (7.98686pt too wide) in paragraph at lines 38--44
[] [] \OT1/cmr/m/n/10.53937 = [] []$ 
 []


Overfull \hbox (20.4869pt too wide) in paragraph at lines 45--51
[] [] \OT1/cmr/m/n/10.53937 = [] []$ 
 []


Underfull \hbox (badness 10000) in paragraph at lines 53--57

 []


Underfull \hbox (badness 10000) in paragraph at lines 58--65

 []

[20]
Underfull \hbox (badness 10000) in paragraph at lines 66--73

 []


Underfull \hbox (badness 10000) in paragraph at lines 74--79

 []


Underfull \hbox (badness 10000) in paragraph at lines 80--88

 []

[21]) [22]
\openout2 = `05.连续性和可导性.aux'.

 (./05.连续性和可导性.tex
第五章

Underfull \hbox (badness 10000) in paragraph at lines 8--13

 []

[23




]
Underfull \hbox (badness 10000) in paragraph at lines 28--36

 []


Underfull \hbox (badness 10000) in paragraph at lines 37--39

 []

) [24]
\openout2 = `06.求解微分问题.aux'.

 (./06.求解微分问题.tex
第六章

Underfull \hbox (badness 10000) in paragraph at lines 2--6

 []


Overfull \hbox (27.98528pt too wide) in paragraph at lines 7--15
[]$ 
 []


Underfull \hbox (badness 10000) in paragraph at lines 7--15

 []


Underfull \hbox (badness 10000) in paragraph at lines 16--24

 []

[25




]
Underfull \hbox (badness 10000) in paragraph at lines 25--26

 []


Underfull \hbox (badness 10000) in paragraph at lines 27--33

 []


Overfull \hbox (38.62926pt too wide) in paragraph at lines 34--34
 [][] 
 []


Underfull \hbox (badness 10000) in paragraph at lines 46--47

 []

[26]
Underfull \hbox (badness 10000) in paragraph at lines 59--60

 []


Overfull \hbox (3.72495pt too wide) in paragraph at lines 61--61
 [][] 
 []


Overfull \hbox (6.74266pt too wide) in paragraph at lines 66--67
 [][] 
 []


Underfull \hbox (badness 10000) in paragraph at lines 69--76

 []


Underfull \hbox (badness 10000) in paragraph at lines 77--102

 []

[27]) [28]
\openout2 = `07.三角函数的极限和导数.aux'.

 (./07.三角函数的极限和导数.tex
第七章

Underfull \hbox (badness 10000) in paragraph at lines 2--11

 []


Overfull \hbox (29.06747pt too wide) in paragraph at lines 12--18
[]$[] []$ $[] [] \OT1/cmr/m/n/10.53937 = [] []$ 
 []


Underfull \hbox (badness 10000) in paragraph at lines 12--18

 []

[29




]
Underfull \hbox (badness 10000) in paragraph at lines 19--22

 []


Underfull \hbox (badness 10000) in paragraph at lines 23--27

 []


Underfull \hbox (badness 10000) in paragraph at lines 28--38

 []

[30]
Underfull \hbox (badness 10000) in paragraph at lines 39--48

 []


Underfull \hbox (badness 10000) in paragraph at lines 49--56

 []

[31]
Underfull \hbox (badness 10000) in paragraph at lines 57--63

 []


Underfull \hbox (badness 10000) in paragraph at lines 64--70

 []

) [32]
\openout2 = `08.隐函数求导和相关变化率.aux'.

 (./08.隐函数求导和相关变化率.tex
第八章

Underfull \hbox (badness 10000) in paragraph at lines 2--10

 []


Underfull \hbox (badness 10000) in paragraph at lines 11--25

 []

[33




]
Underfull \hbox (badness 10000) in paragraph at lines 35--40

 []

[34]
Underfull \hbox (badness 10000) in paragraph at lines 46--48

 []


Underfull \hbox (badness 10000) in paragraph at lines 54--61

 []

[35]
Underfull \hbox (badness 10000) in paragraph at lines 65--102

 []


Underfull \hbox (badness 10000) in paragraph at lines 102--104

 []


Underfull \hbox (badness 10000) in paragraph at lines 106--113

 []

[36]
Underfull \hbox (badness 10000) in paragraph at lines 134--145

 []

[37]
Underfull \hbox (badness 10000) in paragraph at lines 146--209

 []

[38])
Underfull \hbox (badness 10000) in paragraph at lines 213--37

 []

[39]
\openout2 = `09.指数函数和对数函数.aux'.

 (./09.指数函数和对数函数.tex
第九章

Underfull \hbox (badness 10000) in paragraph at lines 2--9

 []


Overfull \hbox (17.35568pt too wide) in paragraph at lines 10--18
\TU/lmr/m/n/10.53937 (6) \TU/NotoSerifCJKSC(0)/m/n/10.53937 一 个 数 的 幂 为 底 的 对 数
 是 指 数 的 倒 数 倍 该 数 为 底 的 对 数\TU/lmr/m/n/10.53937 . \TU/NotoSerifCJKSC(0)/m/n/10
.53937 表 示 为\TU/lmr/m/n/10.53937 : $[][] \OML/cmm/m/it/10.53937 x \OT1/cmr/m/n/
10.53937 =
 []

[40




]
Underfull \hbox (badness 10000) in paragraph at lines 18--20

 []


Underfull \hbox (badness 10000) in paragraph at lines 21--23

 []


Underfull \hbox (badness 10000) in paragraph at lines 25--26

 []


Underfull \hbox (badness 10000) in paragraph at lines 27--28

 []


Underfull \hbox (badness 10000) in paragraph at lines 34--38

 []


Underfull \hbox (badness 10000) in paragraph at lines 39--43

 []

[41]
Underfull \hbox (badness 10000) in paragraph at lines 47--52

 []


Underfull \hbox (badness 10000) in paragraph at lines 56--61

 []

[42]
Underfull \hbox (badness 10000) in paragraph at lines 91--101

 []

[43]
Underfull \hbox (badness 10000) in paragraph at lines 102--112

 []


Underfull \hbox (badness 10000) in paragraph at lines 113--123

 []

[44]
Underfull \hbox (badness 10000) in paragraph at lines 124--137

 []

File: ./picture//sinh.pdf Graphic file (type pdf)
<use ./picture//sinh.pdf>
[45]
File: ./picture//cosh.pdf Graphic file (type pdf)
<use ./picture//cosh.pdf>

Underfull \hbox (badness 10000) in paragraph at lines 151--152

 []

) [46]
\openout2 = `10.反函数和反三角函数.aux'.

 (./10.反函数和反三角函数.tex
第十章

Underfull \hbox (badness 10000) in paragraph at lines 2--9

 []


Underfull \hbox (badness 10000) in paragraph at lines 14--20

 []

[47




]
File: ./picture//asin.pdf Graphic file (type pdf)
<use ./picture//asin.pdf>

Underfull \hbox (badness 10000) in paragraph at lines 29--37

 []

[48]
File: ./picture//acos.pdf Graphic file (type pdf)
<use ./picture//acos.pdf>

Underfull \hbox (badness 10000) in paragraph at lines 45--53

 []

[49]
File: ./picture//atan.pdf Graphic file (type pdf)
<use ./picture//atan.pdf>

Underfull \hbox (badness 10000) in paragraph at lines 61--66

 []

File: ./picture//acot.pdf Graphic file (type pdf)
<use ./picture//acot.pdf>

Underfull \hbox (badness 10000) in paragraph at lines 67--72

 []

[50]
Underfull \hbox (badness 10000) in paragraph at lines 73--78

 []

File: ./picture//asec.pdf Graphic file (type pdf)
<use ./picture//asec.pdf>

Underfull \hbox (badness 10000) in paragraph at lines 79--84

 []


Underfull \hbox (badness 10000) in paragraph at lines 85--92

 []

[51]
File: ./picture//acsc.pdf Graphic file (type pdf)
<use ./picture//acsc.pdf>

Underfull \hbox (badness 10000) in paragraph at lines 93--98

 []


Underfull \hbox (badness 10000) in paragraph at lines 99--106

 []

[52]
Underfull \hbox (badness 10000) in paragraph at lines 107--116

 []


Underfull \hbox (badness 10000) in paragraph at lines 117--125

 []


Underfull \hbox (badness 10000) in paragraph at lines 126--131

 []

[53]
Underfull \hbox (badness 10000) in paragraph at lines 132--141

 []

File: ./picture//asinh.pdf Graphic file (type pdf)
<use ./picture//asinh.pdf>
[54]
Underfull \hbox (badness 10000) in paragraph at lines 150--158

 []

File: ./picture//acosh.pdf Graphic file (type pdf)
<use ./picture//acosh.pdf>
[55]) [56]
\openout2 = `11.导数和图像.aux'.

 (./11.导数和图像.tex
第十一章

Package fontspec Info: Could not resolve font "Noto Sans CJK SC/I" (it
(fontspec)             probably doesn't exist).


Package fontspec Info: Font family 'NotoSansCJKSC(0)' created for font 'Noto
(fontspec)             Sans CJK SC' with options [Script={CJK}].
(fontspec)              
(fontspec)              This font family consists of the following NFSS
(fontspec)             series/shapes:
(fontspec)              
(fontspec)             - 'normal' (m/n) with NFSS spec.: <->"Noto Sans CJK
(fontspec)             SC/OT:script=hani;language=dflt;"
(fontspec)             - 'small caps'  (m/sc) with NFSS spec.: 
(fontspec)             - 'bold' (b/n) with NFSS spec.: <->"Noto Sans CJK
(fontspec)             SC/B/OT:script=hani;language=dflt;"
(fontspec)             - 'bold small caps'  (b/sc) with NFSS spec.: 
(fontspec)             - 'bold italic' (b/it) with NFSS spec.: <->"Noto Sans
(fontspec)             CJK SC/BI/OT:script=hani;language=dflt;"
(fontspec)             - 'bold italic small caps'  (b/scit) with NFSS spec.: 


LaTeX Font Warning: Font shape `TU/NotoSansCJKSC(0)/m/it' undefined
(Font)              using `TU/NotoSansCJKSC(0)/m/n' instead on input line 3.

Package hyperref Info: bookmark level for unknown theorem defaults to 0 on inpu
t line 3.

Underfull \hbox (badness 10000) in paragraph at lines 6--12

 []

[57




]
Overfull \hbox (10.3096pt too wide) in paragraph at lines 26--31
[][] 
 []


Overfull \hbox (10.3096pt too wide) in paragraph at lines 26--31
[] 
 []


Underfull \hbox (badness 10000) in paragraph at lines 26--31

 []

[58])
Underfull \hbox (badness 10000) in paragraph at lines 43--40

 []

[59]
\openout2 = `12.绘制函数图像.aux'.

 (./12.绘制函数图像.tex
第十二章

Underfull \hbox (badness 10000) in paragraph at lines 2--8

 []


Underfull \hbox (badness 10000) in paragraph at lines 9--16

 []

[60




]
Missing character: There is no ∪ (U+222A) in font [lmroman10-regular]:mapping=t
ex-text;!
Missing character: There is no ∩ (U+2229) in font [lmroman10-regular]:mapping=t
ex-text;!

Underfull \hbox (badness 10000) in paragraph at lines 17--24

 []

)
Underfull \hbox (badness 10000) in paragraph at lines 25--41

 []

[61] [62]
\openout2 = `13.最优化和线性化.aux'.

 (./13.最优化和线性化.tex
第十三章

Underfull \hbox (badness 10000) in paragraph at lines 2--10

 []


Underfull \hbox (badness 10000) in paragraph at lines 11--16

 []

[63




])
Underfull \hbox (badness 10000) in paragraph at lines 24--42

 []

[64]
\openout2 = `14.洛必达法则及极限问题总结.aux'.

 (./14.洛必达法则及极限问题总结.tex
第十四章

Underfull \hbox (badness 10000) in paragraph at lines 6--9

 []


Underfull \hbox (badness 10000) in paragraph at lines 14--17

 []

[65




]
Underfull \hbox (badness 10000) in paragraph at lines 18--21

 []


Underfull \hbox (badness 10000) in paragraph at lines 22--25

 []


Underfull \hbox (badness 10000) in paragraph at lines 26--32

 []


Underfull \hbox (badness 10000) in paragraph at lines 33--38

 []

[66]
Underfull \hbox (badness 10000) in paragraph at lines 39--47

 []

) [67]
\openout2 = `15.积分.aux'.

 (./15.积分.tex
第十五章

Underfull \hbox (badness 10000) in paragraph at lines 3--7

 []

) [68




]
\openout2 = `16.定积分.aux'.

 (./16.定积分.tex
第十六章

Underfull \hbox (badness 10000) in paragraph at lines 3--7

 []


Overfull \hbox (10.3096pt too wide) in paragraph at lines 13--14
 [][] 
 []

[69




]
Overfull \hbox (10.3096pt too wide) in paragraph at lines 35--36
[][]  
 []


Overfull \hbox (10.3096pt too wide) in paragraph at lines 44--45
[][]  
 []


Overfull \hbox (10.3096pt too wide) in paragraph at lines 53--54
[][]  
 []

[70]
Overfull \hbox (10.3096pt too wide) in paragraph at lines 66--67
[][]  
 []

) [71]
\openout2 = `17.微积分的基本定理.aux'.

 (./17.微积分的基本定理.tex
第十七章
[72




] [73]) [74]
\openout2 = `18.积分的方法_01.aux'.

 (./18.积分的方法_01.tex
第十八章

Underfull \hbox (badness 10000) in paragraph at lines 6--13

 []


Underfull \hbox (badness 10000) in paragraph at lines 14--21

 []

[75




]
Underfull \hbox (badness 10000) in paragraph at lines 26--33

 []


Underfull \hbox (badness 10000) in paragraph at lines 34--44

 []

[76]
Overfull \hbox (10.3096pt too wide) in paragraph at lines 69--70
 [][] 
 []

[77]
Overfull \vbox (6.1045pt too high) has occurred while \output is active []


[78]) [79]
\openout2 = `19.积分的方法_02.aux'.

 (./19.积分的方法_02.tex
第十九章

Underfull \hbox (badness 10000) in paragraph at lines 2--4

 []


Underfull \hbox (badness 10000) in paragraph at lines 5--13

 []


Underfull \hbox (badness 10000) in paragraph at lines 14--15

 []

[80




]
Underfull \hbox (badness 10000) in paragraph at lines 17--28

 []


Underfull \hbox (badness 10000) in paragraph at lines 30--31

 []


Underfull \hbox (badness 10000) in paragraph at lines 33--41

 []

[81]
Underfull \hbox (badness 10000) in paragraph at lines 42--46

 []


Underfull \hbox (badness 10000) in paragraph at lines 47--50

 []


Underfull \hbox (badness 10000) in paragraph at lines 51--62

 []

[82]
Underfull \hbox (badness 10000) in paragraph at lines 63--77

 []


Underfull \hbox (badness 10000) in paragraph at lines 78--102

 []

[83]
Underfull \hbox (badness 10000) in paragraph at lines 103--115

 []

[84]
Underfull \hbox (badness 10000) in paragraph at lines 116--133

 []

[85]
Underfull \hbox (badness 10000) in paragraph at lines 134--139

 []


Underfull \hbox (badness 10000) in paragraph at lines 140--158

 []

[86]
Underfull \hbox (badness 10000) in paragraph at lines 159--164

 []


Underfull \hbox (badness 10000) in paragraph at lines 165--167

 []


Underfull \hbox (badness 10000) in paragraph at lines 168--191

 []

[87]
Underfull \hbox (badness 10000) in paragraph at lines 192--205

 []

[88]
Underfull \hbox (badness 10000) in paragraph at lines 206--222

 []

[89]
Underfull \hbox (badness 10000) in paragraph at lines 223--237

 []

) [90]
\openout2 = `20.反常积分_基本概念.aux'.

 (./20.反常积分_基本概念.tex
第二十章
Missing character: There is no ， (U+FF0C) in font [lmroman10-regular]:mapping=t
ex-text;!

Underfull \hbox (badness 10000) in paragraph at lines 2--7

 []


Underfull \hbox (badness 10000) in paragraph at lines 8--11

 []


Overfull \hbox (6.79999pt too wide) in paragraph at lines 17--18
 [][] 
 []


Underfull \hbox (badness 10000) in paragraph at lines 19--26

 []

[91




]
Underfull \hbox (badness 10000) in paragraph at lines 27--34

 []

Missing character: There is no ， (U+FF0C) in font [lmroman10-regular]:mapping=t
ex-text;!
[92]
Underfull \hbox (badness 10000) in paragraph at lines 51--53

 []


Underfull \hbox (badness 10000) in paragraph at lines 71--81

 []

[93]
Underfull \hbox (badness 10000) in paragraph at lines 82--92

 []

[94]
Underfull \hbox (badness 10000) in paragraph at lines 116--127

 []

[95]
Underfull \hbox (badness 10000) in paragraph at lines 130--132

 []


Underfull \hbox (badness 10000) in paragraph at lines 134--136

 []

) [96] [97]
\openout2 = `21.反常积分_如何解题.aux'.

 (./21.反常积分_如何解题.tex
第二十一章

Underfull \hbox (badness 10000) in paragraph at lines 2--7

 []


Underfull \hbox (badness 10000) in paragraph at lines 11--13

 []

[98




]
Underfull \hbox (badness 10000) in paragraph at lines 38--39

 []


Underfull \hbox (badness 10000) in paragraph at lines 42--44

 []

[99]
Underfull \hbox (badness 10000) in paragraph at lines 46--48

 []


Overfull \hbox (4.57043pt too wide) in paragraph at lines 57--58
 [] 
 []


Underfull \hbox (badness 10000) in paragraph at lines 60--69

 []

[100]
Missing character: There is no 在 (U+5728) in font [lmroman10-regular]:mapping=t
ex-text;!
Missing character: There is no 有 (U+6709) in font [lmroman10-regular]:mapping=t
ex-text;!
Missing character: There is no 两 (U+4E24) in font [lmroman10-regular]:mapping=t
ex-text;!
Missing character: There is no 个 (U+4E2A) in font [lmroman10-regular]:mapping=t
ex-text;!
Missing character: There is no 瑕 (U+7455) in font [lmroman10-regular]:mapping=t
ex-text;!
Missing character: There is no 点 (U+70B9) in font [lmroman10-regular]:mapping=t
ex-text;!

Underfull \hbox (badness 10000) in paragraph at lines 70--83

 []


Underfull \hbox (badness 10000) in paragraph at lines 84--92

 []

[101]
Overfull \hbox (17.70682pt too wide) in paragraph at lines 93--104
[][] [] []  []\OML/cmm/m/it/10.53937 x \OT1/cmr/m/n/10.53937 = [][] [] \OMS/cms
y/m/n/10.53937 ^^B [] []  []\OML/cmm/m/it/10.53937 x$ 
 []


Underfull \hbox (badness 10000) in paragraph at lines 93--104

 []


Underfull \hbox (badness 10000) in paragraph at lines 111--121

 []

[102]
Underfull \hbox (badness 10000) in paragraph at lines 127--138

 []


Underfull \hbox (badness 10000) in paragraph at lines 139--149

 []

[103]
Underfull \hbox (badness 10000) in paragraph at lines 150--160

 []


Underfull \hbox (badness 10000) in paragraph at lines 166--175

 []

[104]
Underfull \hbox (badness 10000) in paragraph at lines 176--185

 []


Underfull \hbox (badness 10000) in paragraph at lines 186--195

 []

[105]
Underfull \hbox (badness 10000) in paragraph at lines 196--204

 []


Underfull \hbox (badness 10000) in paragraph at lines 210--218

 []

[106]
Underfull \hbox (badness 10000) in paragraph at lines 219--227

 []


Underfull \hbox (badness 10000) in paragraph at lines 233--241

 []

[107]
Underfull \hbox (badness 10000) in paragraph at lines 242--250

 []


Underfull \hbox (badness 10000) in paragraph at lines 251--259

 []

[108]
Underfull \hbox (badness 10000) in paragraph at lines 265--273

 []


Underfull \hbox (badness 10000) in paragraph at lines 274--282

 []


Underfull \hbox (badness 10000) in paragraph at lines 283--291

 []

[109]
Underfull \hbox (badness 10000) in paragraph at lines 297--306

 []


Underfull \hbox (badness 10000) in paragraph at lines 307--316

 []

[110]
Underfull \hbox (badness 10000) in paragraph at lines 317--326

 []


Underfull \hbox (badness 10000) in paragraph at lines 335--339

 []

[111]
Underfull \hbox (badness 10000) in paragraph at lines 339--346

 []


Underfull \hbox (badness 10000) in paragraph at lines 347--356

 []


Underfull \hbox (badness 10000) in paragraph at lines 357--358

 []

[112]
Overfull \hbox (2.46565pt too wide) in paragraph at lines 363--373
[][] [] []  []\OML/cmm/m/it/10.53937 x$ \TU/NotoSerifCJKSC(0)/m/n/10.53937 在 积 
分 范 围 内 包 含 三 个 瑕 点\TU/lmr/m/n/10.53937 , \TU/NotoSerifCJKSC(0)/m/n/10.53937 分 
别 为 $\OML/cmm/m/it/10.53937 x \OT1/cmr/m/n/10.53937 = 0\OML/cmm/m/it/10.53937 ;
 \OT1/cmr/m/n/10.53937 1\OML/cmm/m/it/10.53937 ; \OT1/cmr/m/n/10.53937 2$ 
 []


Underfull \hbox (badness 10000) in paragraph at lines 363--373

 []

Missing character: There is no 则 (U+5219) in font [lmroman10-regular]:mapping=t
ex-text;!

Underfull \hbox (badness 10000) in paragraph at lines 375--385

 []

[113]
Missing character: There is no 则 (U+5219) in font [lmroman10-regular]:mapping=t
ex-text;!

Underfull \hbox (badness 10000) in paragraph at lines 387--396

 []

Missing character: There is no 则 (U+5219) in font [lmroman10-regular]:mapping=t
ex-text;!

Underfull \hbox (badness 10000) in paragraph at lines 397--407

 []

Missing character: There is no 第 (U+7B2C) in font [lmromanslant10-regular]:mapp
ing=tex-text;!
Missing character: There is no 二 (U+4E8C) in font [lmromanslant10-regular]:mapp
ing=tex-text;!
Missing character: There is no 十 (U+5341) in font [lmromanslant10-regular]:mapp
ing=tex-text;!
Missing character: There is no 一 (U+4E00) in font [lmromanslant10-regular]:mapp
ing=tex-text;!
Missing character: There is no 章 (U+7AE0) in font [lmromanslant10-regular]:mapp
ing=tex-text;!
Missing character: There is no 反 (U+53CD) in font [lmromanslant10-regular]:mapp
ing=tex-text;!
Missing character: There is no 常 (U+5E38) in font [lmromanslant10-regular]:mapp
ing=tex-text;!
Missing character: There is no 积 (U+79EF) in font [lmromanslant10-regular]:mapp
ing=tex-text;!
Missing character: There is no 分 (U+5206) in font [lmromanslant10-regular]:mapp
ing=tex-text;!
Missing character: There is no 如 (U+5982) in font [lmromanslant10-regular]:mapp
ing=tex-text;!
Missing character: There is no 何 (U+4F55) in font [lmromanslant10-regular]:mapp
ing=tex-text;!
Missing character: There is no 解 (U+89E3) in font [lmromanslant10-regular]:mapp
ing=tex-text;!
Missing character: There is no 题 (U+9898) in font [lmromanslant10-regular]:mapp
ing=tex-text;!
[114]
Missing character: There is no 则 (U+5219) in font [lmroman10-regular]:mapping=t
ex-text;!

Underfull \hbox (badness 10000) in paragraph at lines 408--417

 []

) [115]
\openout2 = `22.数列和级数_基本概念.aux'.

 (./22.数列和级数_基本概念.tex
第二十二章

Underfull \hbox (badness 10000) in paragraph at lines 24--31

 []

[116




] [117]
Underfull \hbox (badness 10000) in paragraph at lines 71--72

 []


Overfull \hbox (44.86867pt too wide) in paragraph at lines 82--83
 [][] 
 []

[118]) [119] [120]
\openout2 = `23.求解级数问题.aux'.

 (./23.求解级数问题.tex
第二十三章

Underfull \hbox (badness 10000) in paragraph at lines 2--20

 []

[121




]
Underfull \hbox (badness 10000) in paragraph at lines 30--36

 []


LaTeX Warning: Command \r invalid in math mode on input line 41.

Missing character: There is no ̊ ("30A) in font cmmi7!

LaTeX Warning: Command \r invalid in math mode on input line 43.

Missing character: There is no ̊ ("30A) in font cmmi7!

Underfull \hbox (badness 10000) in paragraph at lines 37--47

 []

[122]
Underfull \hbox (badness 10000) in paragraph at lines 52--59

 []


Underfull \hbox (badness 10000) in paragraph at lines 60--66

 []

[123]
Underfull \hbox (badness 10000) in paragraph at lines 67--81

 []


Underfull \hbox (badness 10000) in paragraph at lines 82--90

 []

[124]
Underfull \hbox (badness 10000) in paragraph at lines 96--106

 []


Overfull \hbox (6.79999pt too wide) in paragraph at lines 115--116
 [][] 
 []

[125]
Underfull \hbox (badness 10000) in paragraph at lines 118--128

 []

Missing character: There is no 单 (U+5355) in font [lmroman10-regular]:mapping=t
ex-text;!
Missing character: There is no 调 (U+8C03) in font [lmroman10-regular]:mapping=t
ex-text;!
Missing character: There is no 递 (U+9012) in font [lmroman10-regular]:mapping=t
ex-text;!
Missing character: There is no 减 (U+51CF) in font [lmroman10-regular]:mapping=t
ex-text;!

Underfull \hbox (badness 10000) in paragraph at lines 129--139

 []

[126]
Overfull \hbox (6.79999pt too wide) in paragraph at lines 144--145
 [][] 
 []


Underfull \hbox (badness 10000) in paragraph at lines 147--153

 []


Underfull \hbox (badness 10000) in paragraph at lines 154--162

 []

[127]
Underfull \hbox (badness 10000) in paragraph at lines 163--169

 []


Overfull \hbox (6.79999pt too wide) in paragraph at lines 174--175
 [][] 
 []


Underfull \hbox (badness 10000) in paragraph at lines 177--183

 []


Overfull \hbox (22.63257pt too wide) in paragraph at lines 186--187
 [][] 
 []

[128]
Underfull \hbox (badness 10000) in paragraph at lines 189--198

 []


Underfull \hbox (badness 10000) in paragraph at lines 199--208

 []

[129]
Overfull \hbox (44.86867pt too wide) in paragraph at lines 219--220
 [][] 
 []


Underfull \hbox (badness 10000) in paragraph at lines 231--239

 []


Underfull \hbox (badness 10000) in paragraph at lines 240--249

 []

[130]
Underfull \hbox (badness 10000) in paragraph at lines 250--259

 []

[131]
Underfull \hbox (badness 10000) in paragraph at lines 271--280

 []

) [132] [133]
\openout2 = `24.泰勒多项式_泰勒级数_幂级数导论.aux'.

 (./24.泰勒多项式_泰勒级数_幂级数导论.tex
第二十四章

Overfull \hbox (6.79999pt too wide) in paragraph at lines 8--9
 [][] 
 []


Overfull \hbox (6.79999pt too wide) in paragraph at lines 18--19
 [][] 
 []


Overfull \hbox (6.79999pt too wide) in paragraph at lines 25--26
 [][] 
 []

[134




]
Overfull \hbox (6.79999pt too wide) in paragraph at lines 33--34
 [][] 
 []


Overfull \hbox (6.79999pt too wide) in paragraph at lines 42--43
 [][] 
 []


Overfull \hbox (6.79999pt too wide) in paragraph at lines 50--51
 [][] 
 []


Overfull \hbox (6.79999pt too wide) in paragraph at lines 58--59
 [][] 
 []


Overfull \hbox (6.79999pt too wide) in paragraph at lines 66--67
 [][] 
 []

[135]
Overfull \hbox (6.79999pt too wide) in paragraph at lines 74--75
 [][] 
 []


Overfull \hbox (6.79999pt too wide) in paragraph at lines 83--84
 [][] 
 []

) [136]
\openout2 = `25.求解估算问题.aux'.

 (./25.求解估算问题.tex
第二十五章

Underfull \hbox (badness 10000) in paragraph at lines 2--21

 []


Underfull \hbox (badness 10000) in paragraph at lines 22--54

 []

[137




] [138]
Underfull \hbox (badness 10000) in paragraph at lines 55--85

 []

[139]
Overfull \hbox (6.79999pt too wide) in paragraph at lines 91--92
 [][] 
 []

[140]) [141]
\openout2 = `26.泰勒级数和幂级数_如何解题.aux'.

 (./26.泰勒级数和幂级数_如何解题.tex
第二十六章

Underfull \hbox (badness 10000) in paragraph at lines 17--19

 []

[142




]
Underfull \hbox (badness 10000) in paragraph at lines 23--38

 []


Underfull \hbox (badness 10000) in paragraph at lines 39--47

 []

[143]
Underfull \hbox (badness 10000) in paragraph at lines 48--68

 []


Underfull \hbox (badness 10000) in paragraph at lines 69--89

 []

[144]
Underfull \hbox (badness 10000) in paragraph at lines 90--110

 []

[145]
Underfull \hbox (badness 10000) in paragraph at lines 111--131

 []


Underfull \hbox (badness 10000) in paragraph at lines 132--152

 []

[146]
Underfull \hbox (badness 10000) in paragraph at lines 153--173

 []

[147]
Underfull \hbox (badness 10000) in paragraph at lines 174--189

 []

) [148] [149]
\openout2 = `29.体积_弧长和表面积.aux'.

 (./29.体积_弧长和表面积.tex
第二十七章

Underfull \hbox (badness 10000) in paragraph at lines 2--4

 []


Underfull \hbox (badness 10000) in paragraph at lines 5--7

 []


Underfull \hbox (badness 10000) in paragraph at lines 10--11

 []

)
Underfull \hbox (badness 10000) in paragraph at lines 14--56

 []

[150




] [151]
\openout2 = `40.appendix_1.aux'.

 (./40.appendix_1.tex
附录 A

Underfull \hbox (badness 10000) in paragraph at lines 2--7

 []


Underfull \hbox (badness 10000) in paragraph at lines 8--11

 []

) [152




]
\tf@thm=\write6
\openout6 = `differential_and_integral.thm'.

 (./differential_and_integral.aux (./01.方法、图像和直线.aux) (./02.三角学回顾.aux)
(./03.极限导论.aux) (./04.求解多项式的极限问题.aux) (./05.连续性和可导性.aux) (./06.求解微分问题.aux)
(./07.三角函数的极限和导数.aux) (./08.隐函数求导和相关变化率.aux) (./09.指数函数和对数函数.aux)
(./10.反函数和反三角函数.aux) (./11.导数和图像.aux) (./12.绘制函数图像.aux) (./13.最优化和线性化.aux)
(./14.洛必达法则及极限问题总结.aux) (./15.积分.aux) (./16.定积分.aux) (./17.微积分的基本定理.aux)
(./18.积分的方法_01.aux) (./19.积分的方法_02.aux) (./20.反常积分_基本概念.aux)
(./21.反常积分_如何解题.aux) (./22.数列和级数_基本概念.aux) (./23.求解级数问题.aux)
(./24.泰勒多项式_泰勒级数_幂级数导论.aux) (./25.求解估算问题.aux) (./26.泰勒级数和幂级数_如何解题.aux)
(./29.体积_弧长和表面积.aux) (./40.appendix_1.aux))

LaTeX Font Warning: Size substitutions with differences
(Font)              up to 0.41063pt have occurred.


LaTeX Font Warning: Some font shapes were not available, defaults substituted.

Package rerunfilecheck Info: File `differential_and_integral.out' has not chang
ed.
(rerunfilecheck)             Checksum: 40A5E21CA77AFE9AD049CCBF9429986B;2973.
 ) 
Here is how much of TeX's memory you used:
 30650 strings out of 476683
 706840 string characters out of 5804046
 1872018 words of memory out of 5000000
 50178 multiletter control sequences out of 15000+600000
 518772 words of font info for 89 fonts, out of 8000000 for 9000
 1348 hyphenation exceptions out of 8191
 89i,11n,97p,554b,607s stack positions out of 10000i,1000n,20000p,200000b,200000s

Output written on differential_and_integral.xdv (152 pages, 709308 bytes).
