\BOOKMARK [0][-]{chapter.1}{\376\377\145\271\154\325\060\001\126\376\120\317\124\214\166\364\176\277}{}% 1
\BOOKMARK [0][-]{chapter.2}{\376\377\116\011\211\322\133\146\126\336\230\176}{}% 2
\BOOKMARK [0][-]{chapter.3}{\376\377\147\201\226\120\133\374\213\272}{}% 3
\BOOKMARK [0][-]{chapter.4}{\376\377\154\102\211\343\131\032\230\171\137\017\166\204\147\201\226\120\225\356\230\230}{}% 4
\BOOKMARK [0][-]{chapter.5}{\376\377\217\336\176\355\140\047\124\214\123\357\133\374\140\047}{}% 5
\BOOKMARK [0][-]{chapter.6}{\376\377\154\102\211\343\137\256\122\006\225\356\230\230}{}% 6
\BOOKMARK [0][-]{chapter.7}{\376\377\116\011\211\322\121\375\145\160\166\204\147\201\226\120\124\214\133\374\145\160}{}% 7
\BOOKMARK [0][-]{chapter.8}{\376\377\226\220\121\375\145\160\154\102\133\374\124\214\166\370\121\163\123\330\123\026\163\207}{}% 8
\BOOKMARK [0][-]{chapter.9}{\376\377\143\007\145\160\121\375\145\160\124\214\133\371\145\160\121\375\145\160}{}% 9
\BOOKMARK [0][-]{chapter.10}{\376\377\123\315\121\375\145\160\124\214\123\315\116\011\211\322\121\375\145\160}{}% 10
\BOOKMARK [0][-]{chapter.11}{\376\377\133\374\145\160\124\214\126\376\120\317}{}% 11
\BOOKMARK [0][-]{chapter.12}{\376\377\176\330\122\066\121\375\145\160\126\376\120\317}{}% 12
\BOOKMARK [0][-]{chapter.13}{\376\377\147\000\117\030\123\026\124\214\176\277\140\047\123\026}{}% 13
\BOOKMARK [0][-]{chapter.14}{\376\377\155\033\137\305\217\276\154\325\122\031\123\312\147\201\226\120\225\356\230\230\140\073\176\323}{}% 14
\BOOKMARK [0][-]{chapter.15}{\376\377\171\357\122\006}{}% 15
\BOOKMARK [0][-]{chapter.16}{\376\377\133\232\171\357\122\006}{}% 16
\BOOKMARK [0][-]{chapter.17}{\376\377\137\256\171\357\122\006\166\204\127\372\147\054\133\232\164\006}{}% 17
\BOOKMARK [0][-]{chapter.18}{\376\377\171\357\122\006\166\204\145\271\154\325\000\040\000I}{}% 18
\BOOKMARK [0][-]{chapter.19}{\376\377\171\357\122\006\166\204\145\271\154\325\000\040\000I\000I}{}% 19
\BOOKMARK [0][-]{chapter.20}{\376\377\123\315\136\070\171\357\122\006\000:\127\372\147\054\151\202\137\365}{}% 20
\BOOKMARK [0][-]{chapter.21}{\376\377\123\315\136\070\171\357\122\006\000:\131\202\117\125\211\343\230\230}{}% 21
\BOOKMARK [0][-]{chapter.22}{\376\377\145\160\122\027\124\214\176\247\145\160\000:\127\372\147\054\151\202\137\365}{}% 22
\BOOKMARK [0][-]{chapter.23}{\376\377\154\102\211\343\176\247\145\160\225\356\230\230}{}% 23
\BOOKMARK [0][-]{chapter.24}{\376\377\154\360\122\322\131\032\230\171\137\017\060\001\154\360\122\322\176\247\145\160\124\214\136\102\176\247\145\160\133\374\213\272}{}% 24
\BOOKMARK [0][-]{chapter.25}{\376\377\154\102\211\343\117\060\173\227\225\356\230\230}{}% 25
\BOOKMARK [0][-]{chapter.26}{\376\377\154\360\122\322\176\247\145\160\124\214\136\102\176\247\145\160\000:\131\202\117\125\211\343\230\230}{}% 26
\BOOKMARK [0][-]{chapter.27}{\376\377\117\123\171\357\060\001\137\047\225\177\124\214\210\150\227\142\171\357}{}% 27
\BOOKMARK [0][-]{appendix.A}{\376\377\147\201\226\120\124\010\226\306}{}% 28
